=========adabiat=========
http://emtehan.roshd.ir/sites/default/files/1393/997/Q01.gif
http://emtehan.roshd.ir/sites/default/files/1393/997/Q02.gif
http://emtehan.roshd.ir/sites/default/files/1393/997/Q03.gif
http://emtehan.roshd.ir/sites/default/files/1393/997/A01.gif
http://emtehan.roshd.ir/sites/default/files/1393/997/A02.gif
http://emtehan.roshd.ir/sites/default/files/1392/802/Q01.gif
http://emtehan.roshd.ir/sites/default/files/1392/802/Q02.gif
http://emtehan.roshd.ir/sites/default/files/1392/802/Q03.gif
http://emtehan.roshd.ir/sites/default/files/1392/802/A01.gif
http://emtehan.roshd.ir/sites/default/files/1392/802/A02.gif
http://emtehan.roshd.ir/sites/default/files/1391/765/Q01.gif
http://emtehan.roshd.ir/sites/default/files/1391/765/Q02.gif
http://emtehan.roshd.ir/sites/default/files/1391/765/Q03.gif
http://emtehan.roshd.ir/sites/default/files/1391/765/A01.gif
http://emtehan.roshd.ir/sites/default/files/1391/765/A02.gif
http://emtehan.roshd.ir/sites/default/files/1390/510/Q1.gif
http://emtehan.roshd.ir/sites/default/files/1390/510/Q2.gif
http://emtehan.roshd.ir/sites/default/files/1390/510/Q3.gif
http://emtehan.roshd.ir/sites/default/files/1390/510/A1.gif
http://emtehan.roshd.ir/sites/default/files/1390/510/A2.gif
http://emtehan.roshd.ir/sites/default/files/1385/446/Q01.gif
http://emtehan.roshd.ir/sites/default/files/1385/446/Q02.gif
http://emtehan.roshd.ir/sites/default/files/1385/446/A01.gif
http://emtehan.roshd.ir/sites/default/files/1386/440/Q01.jpg
http://emtehan.roshd.ir/sites/default/files/1386/440/Q02.jpg
http://emtehan.roshd.ir/sites/default/files/1386/440/Q03.jpg
http://emtehan.roshd.ir/sites/default/files/1386/440/A01.jpg
http://emtehan.roshd.ir/sites/default/files/1386/440/A02.jpg
http://emtehan.roshd.ir/sites/default/files/1387/365/Q01.png
http://emtehan.roshd.ir/sites/default/files/1387/365/Q02.png
http://emtehan.roshd.ir/sites/default/files/1387/365/A01.png
http://emtehan.roshd.ir/sites/default/files/1387/365/A02.png
http://emtehan.roshd.ir/sites/default/files/1389/99/Q01.jpg
http://emtehan.roshd.ir/sites/default/files/1389/99/Q02.jpg
http://emtehan.roshd.ir/sites/default/files/1389/99/A01.jpg
http://emtehan.roshd.ir/sites/default/files/1389/99/A02.jpg
http://emtehan.roshd.ir/sites/default/files/1388/75/image001.png
http://emtehan.roshd.ir/sites/default/files/1388/75/image003.png
http://emtehan.roshd.ir/sites/default/files/1388/75/image007.png

=========jabr=========
http://emtehan.roshd.ir/sites/default/files/1393/886/Q01.gif
http://emtehan.roshd.ir/sites/default/files/1393/886/Q02.gif
http://emtehan.roshd.ir/sites/default/files/1393/886/A01.gif
http://emtehan.roshd.ir/sites/default/files/1393/886/A02.gif
http://emtehan.roshd.ir/sites/default/files/1393/886/A03.gif
http://emtehan.roshd.ir/sites/default/files/1393/886/A04.gif
http://emtehan.roshd.ir/sites/default/files/1392/813/Q01.gif
http://emtehan.roshd.ir/sites/default/files/1392/813/Q02.gif
http://emtehan.roshd.ir/sites/default/files/1392/813/A01.gif
http://emtehan.roshd.ir/sites/default/files/1392/813/A02.gif
http://emtehan.roshd.ir/sites/default/files/1392/813/A03.gif
http://emtehan.roshd.ir/sites/default/files/1392/813/A04.gif
http://emtehan.roshd.ir/sites/default/files/1391/728/Q01.gif
http://emtehan.roshd.ir/sites/default/files/1391/728/Q02.gif
http://emtehan.roshd.ir/sites/default/files/1391/728/A01.gif
http://emtehan.roshd.ir/sites/default/files/1391/728/A02.gif
http://emtehan.roshd.ir/sites/default/files/1391/728/A03.gif
http://emtehan.roshd.ir/sites/default/files/1391/728/A04.gif
http://emtehan.roshd.ir/sites/default/files/1390/638/Q01.gif
http://emtehan.roshd.ir/sites/default/files/1390/638/Q02.gif
http://emtehan.roshd.ir/sites/default/files/1390/638/A01.gif
http://emtehan.roshd.ir/sites/default/files/1390/638/A02.gif
http://emtehan.roshd.ir/sites/default/files/1390/638/A03.gif
http://emtehan.roshd.ir/sites/default/files/1390/638/A04.gif
http://emtehan.roshd.ir/sites/default/files/1385/450/Q01.gif
http://emtehan.roshd.ir/sites/default/files/1385/450/A01.gif
http://emtehan.roshd.ir/sites/default/files/1385/450/A02.gif
http://emtehan.roshd.ir/sites/default/files/1385/450/A03.gif
http://emtehan.roshd.ir/sites/default/files/1387/253/Q01.png
http://emtehan.roshd.ir/sites/default/files/1387/253/Q02.png
http://emtehan.roshd.ir/sites/default/files/1387/253/A01.png
http://emtehan.roshd.ir/sites/default/files/1387/253/A02.png
http://emtehan.roshd.ir/sites/default/files/1387/253/A03.png
http://emtehan.roshd.ir/sites/default/files/1386/190/Q01.jpg
http://emtehan.roshd.ir/sites/default/files/1386/190/Q02.jpg
http://emtehan.roshd.ir/sites/default/files/1386/190/A02.jpg
http://emtehan.roshd.ir/sites/default/files/1386/190/A03.jpg
http://emtehan.roshd.ir/sites/default/files/1386/190/A04.jpg
http://emtehan.roshd.ir/sites/default/files/1388/38/image001.png
http://emtehan.roshd.ir/sites/default/files/1388/38/image003.png
http://emtehan.roshd.ir/sites/default/files/1388/38/image005.png
http://emtehan.roshd.ir/sites/default/files/1388/38/image007.png
http://emtehan.roshd.ir/sites/default/files/1388/38/image009.png
http://emtehan.roshd.ir/sites/default/files/1389/28/A01.png
http://emtehan.roshd.ir/sites/default/files/1389/28/A02.png
http://emtehan.roshd.ir/sites/default/files/1389/28/A01_0.png
http://emtehan.roshd.ir/sites/default/files/1389/28/A02_0.png
http://emtehan.roshd.ir/sites/default/files/1389/28/A03.png

=========hesaban=========
http://emtehan.roshd.ir/sites/default/files/1393/930/Q01.gif
http://emtehan.roshd.ir/sites/default/files/1393/930/Q02.gif
http://emtehan.roshd.ir/sites/default/files/1393/930/A01.gif
http://emtehan.roshd.ir/sites/default/files/1393/930/A02.gif
http://emtehan.roshd.ir/sites/default/files/1392/771/Q01.gif
http://emtehan.roshd.ir/sites/default/files/1392/771/Q02.gif
http://emtehan.roshd.ir/sites/default/files/1392/771/A01.gif
http://emtehan.roshd.ir/sites/default/files/1392/771/A02.gif
http://emtehan.roshd.ir/sites/default/files/1392/771/A03.gif
http://emtehan.roshd.ir/sites/default/files/1391/756/Q01.gif
http://emtehan.roshd.ir/sites/default/files/1391/756/Q02.gif
http://emtehan.roshd.ir/sites/default/files/1391/756/A01.gif
http://emtehan.roshd.ir/sites/default/files/1391/756/A02.gif
http://emtehan.roshd.ir/sites/default/files/1391/756/A03.gif
http://emtehan.roshd.ir/sites/default/files/1390/586/Q01.gif
http://emtehan.roshd.ir/sites/default/files/1390/586/Q02.gif
http://emtehan.roshd.ir/sites/default/files/1390/586/A01.gif
http://emtehan.roshd.ir/sites/default/files/1390/586/A02.gif
http://emtehan.roshd.ir/sites/default/files/1390/586/A03.gif
http://emtehan.roshd.ir/sites/default/files/1385/453/Q01.gif
http://emtehan.roshd.ir/sites/default/files/1385/453/Q02.gif
http://emtehan.roshd.ir/sites/default/files/1385/453/A01.gif
http://emtehan.roshd.ir/sites/default/files/1385/453/A02.gif
http://emtehan.roshd.ir/sites/default/files/1385/453/A03.gif
http://emtehan.roshd.ir/sites/default/files/1389/242/Q01.png
http://emtehan.roshd.ir/sites/default/files/1389/242/Q02.png
http://emtehan.roshd.ir/sites/default/files/1389/242/A01.png
http://emtehan.roshd.ir/sites/default/files/1389/242/A02.png
http://emtehan.roshd.ir/sites/default/files/1389/242/A03.png
http://emtehan.roshd.ir/sites/default/files/1387/227/Q01.png
http://emtehan.roshd.ir/sites/default/files/1387/227/Q02.png
http://emtehan.roshd.ir/sites/default/files/1387/227/A01.png
http://emtehan.roshd.ir/sites/default/files/1387/227/A02.png
http://emtehan.roshd.ir/sites/default/files/1387/227/A03.png
http://emtehan.roshd.ir/sites/default/files/1388/112/image001.png
http://emtehan.roshd.ir/sites/default/files/1388/112/image003.png
http://emtehan.roshd.ir/sites/default/files/1388/112/image007.png
http://emtehan.roshd.ir/sites/default/files/1388/112/image009.png
http://emtehan.roshd.ir/sites/default/files/1388/112/image011.png
http://emtehan.roshd.ir/sites/default/files/1386/65/Q01.jpg
http://emtehan.roshd.ir/sites/default/files/1386/65/Q02.jpg
http://emtehan.roshd.ir/sites/default/files/1386/65/A01.jpg
http://emtehan.roshd.ir/sites/default/files/1386/65/A02.jpg
http://emtehan.roshd.ir/sites/default/files/1386/65/A03.jpg
http://emtehan.roshd.ir/sites/default/files/1386/65/A04.jpg

=========zaban=========
http://emtehan.roshd.ir/sites/default/files/1393/983/Q01.gif
http://emtehan.roshd.ir/sites/default/files/1393/983/Q02.gif
http://emtehan.roshd.ir/sites/default/files/1393/983/Q03.gif
http://emtehan.roshd.ir/sites/default/files/1393/983/Q04.gif
http://emtehan.roshd.ir/sites/default/files/1393/983/A01.gif
http://emtehan.roshd.ir/sites/default/files/1393/983/A02.gif
http://emtehan.roshd.ir/sites/default/files/1392/871/Q01.gif
http://emtehan.roshd.ir/sites/default/files/1392/871/Q02.gif
http://emtehan.roshd.ir/sites/default/files/1392/871/Q03.gif
http://emtehan.roshd.ir/sites/default/files/1392/871/Q04.gif
http://emtehan.roshd.ir/sites/default/files/1392/871/A01.gif
http://emtehan.roshd.ir/sites/default/files/1392/871/A02.gif
http://emtehan.roshd.ir/sites/default/files/1391/755/Q01.gif
http://emtehan.roshd.ir/sites/default/files/1391/755/Q02.gif
http://emtehan.roshd.ir/sites/default/files/1391/755/Q03.gif
http://emtehan.roshd.ir/sites/default/files/1391/755/Q04.gif
http://emtehan.roshd.ir/sites/default/files/1391/755/A01.gif
http://emtehan.roshd.ir/sites/default/files/1391/755/A02.gif
http://emtehan.roshd.ir/sites/default/files/1390/615/Q1.gif
http://emtehan.roshd.ir/sites/default/files/1390/615/Q2.gif
http://emtehan.roshd.ir/sites/default/files/1390/615/Q3.gif
http://emtehan.roshd.ir/sites/default/files/1390/615/Q4.gif
http://emtehan.roshd.ir/sites/default/files/1390/615/A1.gif
http://emtehan.roshd.ir/sites/default/files/1390/615/A2.gif
http://emtehan.roshd.ir/sites/default/files/1385/445/Q01.gif
http://emtehan.roshd.ir/sites/default/files/1385/445/Q02.gif
http://emtehan.roshd.ir/sites/default/files/1385/445/Q03.gif
http://emtehan.roshd.ir/sites/default/files/1385/445/Q04.gif
http://emtehan.roshd.ir/sites/default/files/1385/445/A01.gif
http://emtehan.roshd.ir/sites/default/files/1385/445/A02.gif
http://emtehan.roshd.ir/sites/default/files/1389/395/Q01.png
http://emtehan.roshd.ir/sites/default/files/1389/395/Q02.png
http://emtehan.roshd.ir/sites/default/files/1389/395/Q03.png
http://emtehan.roshd.ir/sites/default/files/1389/395/Q04.png
http://emtehan.roshd.ir/sites/default/files/1389/395/A01.png
http://emtehan.roshd.ir/sites/default/files/1389/395/A02.png
http://emtehan.roshd.ir/sites/default/files/1387/364/Q01.png
http://emtehan.roshd.ir/sites/default/files/1387/364/Q02.png
http://emtehan.roshd.ir/sites/default/files/1387/364/Q03.png
http://emtehan.roshd.ir/sites/default/files/1387/364/Q04.png
http://emtehan.roshd.ir/sites/default/files/1387/364/A01.png
http://emtehan.roshd.ir/sites/default/files/1387/364/A02.png
http://emtehan.roshd.ir/sites/default/files/1386/49/Q01.jpg
http://emtehan.roshd.ir/sites/default/files/1386/49/Q02.jpg
http://emtehan.roshd.ir/sites/default/files/1386/49/Q03.jpg
http://emtehan.roshd.ir/sites/default/files/1386/49/Q04.jpg
http://emtehan.roshd.ir/sites/default/files/1386/49/A01.jpg
http://emtehan.roshd.ir/sites/default/files/1386/49/A02.jpg
http://emtehan.roshd.ir/sites/default/files/1388/42/image001.png
http://emtehan.roshd.ir/sites/default/files/1388/42/image003.png
http://emtehan.roshd.ir/sites/default/files/1388/42/image005.png
http://emtehan.roshd.ir/sites/default/files/1388/42/image007.png
http://emtehan.roshd.ir/sites/default/files/1388/42/image009.png
http://emtehan.roshd.ir/sites/default/files/1388/42/image011.png

=========zabanFarsi=========
http://emtehan.roshd.ir/sites/default/files/1393/988/Q01.gif
http://emtehan.roshd.ir/sites/default/files/1393/988/Q02.gif
http://emtehan.roshd.ir/sites/default/files/1393/988/Q03.gif
http://emtehan.roshd.ir/sites/default/files/1393/988/Q04.gif
http://emtehan.roshd.ir/sites/default/files/1393/988/A01.gif
http://emtehan.roshd.ir/sites/default/files/1393/988/A02.gif
http://emtehan.roshd.ir/sites/default/files/1392/877/Q01.gif
http://emtehan.roshd.ir/sites/default/files/1392/877/Q02.gif
http://emtehan.roshd.ir/sites/default/files/1392/877/Q03.gif
http://emtehan.roshd.ir/sites/default/files/1392/877/A01.gif
http://emtehan.roshd.ir/sites/default/files/1392/877/A02.gif
http://emtehan.roshd.ir/sites/default/files/1391/700/Q01.gif
http://emtehan.roshd.ir/sites/default/files/1391/700/Q02.gif
http://emtehan.roshd.ir/sites/default/files/1391/700/Q03.gif
http://emtehan.roshd.ir/sites/default/files/1391/700/Q04.gif
http://emtehan.roshd.ir/sites/default/files/1391/700/A01.gif
http://emtehan.roshd.ir/sites/default/files/1391/700/A02.gif
http://emtehan.roshd.ir/sites/default/files/1390/652/Q01.gif
http://emtehan.roshd.ir/sites/default/files/1390/652/Q02.gif
http://emtehan.roshd.ir/sites/default/files/1390/652/Q03.gif
http://emtehan.roshd.ir/sites/default/files/1390/652/A01.gif
http://emtehan.roshd.ir/sites/default/files/1390/652/A02.gif
http://emtehan.roshd.ir/sites/default/files/1385/449/Q01.gif
http://emtehan.roshd.ir/sites/default/files/1385/449/Q02.gif
http://emtehan.roshd.ir/sites/default/files/1385/449/A01.gif
http://emtehan.roshd.ir/sites/default/files/1385/449/A02.gif
http://emtehan.roshd.ir/sites/default/files/1386/442/Q01.jpg
http://emtehan.roshd.ir/sites/default/files/1386/442/Q02.jpg
http://emtehan.roshd.ir/sites/default/files/1386/442/Q03.jpg
http://emtehan.roshd.ir/sites/default/files/1386/442/A01.jpg
http://emtehan.roshd.ir/sites/default/files/1386/442/A02.jpg
http://emtehan.roshd.ir/sites/default/files/1389/316/Q01.png
http://emtehan.roshd.ir/sites/default/files/1389/316/Q02.png
http://emtehan.roshd.ir/sites/default/files/1389/316/Q03.png
http://emtehan.roshd.ir/sites/default/files/1389/316/A01.png
http://emtehan.roshd.ir/sites/default/files/1389/316/A02.png
http://emtehan.roshd.ir/sites/default/files/1387/180/Q01.png
http://emtehan.roshd.ir/sites/default/files/1387/180/Q02.png
http://emtehan.roshd.ir/sites/default/files/1387/180/Q03.png
http://emtehan.roshd.ir/sites/default/files/1387/180/A01.png
http://emtehan.roshd.ir/sites/default/files/1387/180/A02.png
http://emtehan.roshd.ir/sites/default/files/1388/153/image001.png
http://emtehan.roshd.ir/sites/default/files/1388/153/image003.png
http://emtehan.roshd.ir/sites/default/files/1388/153/image005.png
http://emtehan.roshd.ir/sites/default/files/1388/153/image007.png
http://emtehan.roshd.ir/sites/default/files/1388/153/image009.png

=========shimi=========
http://emtehan.roshd.ir/sites/default/files/1393/972/Q01.gif
http://emtehan.roshd.ir/sites/default/files/1393/972/Q02.gif
http://emtehan.roshd.ir/sites/default/files/1393/972/Q03.gif
http://emtehan.roshd.ir/sites/default/files/1393/972/Q04.gif
http://emtehan.roshd.ir/sites/default/files/1393/972/A01.gif
http://emtehan.roshd.ir/sites/default/files/1393/972/A02.gif
http://emtehan.roshd.ir/sites/default/files/1393/972/A03.gif
http://emtehan.roshd.ir/sites/default/files/1392/872/Q01.gif
http://emtehan.roshd.ir/sites/default/files/1392/872/Q02.gif
http://emtehan.roshd.ir/sites/default/files/1392/872/Q03.gif
http://emtehan.roshd.ir/sites/default/files/1392/872/Q04.gif
http://emtehan.roshd.ir/sites/default/files/1392/872/A01.gif
http://emtehan.roshd.ir/sites/default/files/1392/872/A02.gif
http://emtehan.roshd.ir/sites/default/files/1392/872/A03.gif
http://emtehan.roshd.ir/sites/default/files/1391/760/Q01.gif
http://emtehan.roshd.ir/sites/default/files/1391/760/Q02.gif
http://emtehan.roshd.ir/sites/default/files/1391/760/Q03.gif
http://emtehan.roshd.ir/sites/default/files/1391/760/Q04.gif
http://emtehan.roshd.ir/sites/default/files/1391/760/A01.gif
http://emtehan.roshd.ir/sites/default/files/1391/760/A02.gif
http://emtehan.roshd.ir/sites/default/files/1391/760/A03.gif
http://emtehan.roshd.ir/sites/default/files/1390/649/Q01.gif
http://emtehan.roshd.ir/sites/default/files/1390/649/Q02.gif
http://emtehan.roshd.ir/sites/default/files/1390/649/Q03.gif
http://emtehan.roshd.ir/sites/default/files/1390/649/Q04.gif
http://emtehan.roshd.ir/sites/default/files/1390/649/A01.gif
http://emtehan.roshd.ir/sites/default/files/1390/649/A02.gif
http://emtehan.roshd.ir/sites/default/files/1390/649/A03.gif
http://emtehan.roshd.ir/sites/default/files/1385/447/Q01.gif
http://emtehan.roshd.ir/sites/default/files/1385/447/Q02.gif
http://emtehan.roshd.ir/sites/default/files/1385/447/Q03.gif
http://emtehan.roshd.ir/sites/default/files/1385/447/Q04.gif
http://emtehan.roshd.ir/sites/default/files/1385/447/A01.gif
http://emtehan.roshd.ir/sites/default/files/1385/447/A02.gif
http://emtehan.roshd.ir/sites/default/files/1386/439/Q01.jpg
http://emtehan.roshd.ir/sites/default/files/1386/439/Q02.jpg
http://emtehan.roshd.ir/sites/default/files/1386/439/Q03.jpg
http://emtehan.roshd.ir/sites/default/files/1386/439/Q04.jpg
http://emtehan.roshd.ir/sites/default/files/1386/439/A01.jpg
http://emtehan.roshd.ir/sites/default/files/1386/439/A02.jpg
http://emtehan.roshd.ir/sites/default/files/1386/439/A03.jpg
http://emtehan.roshd.ir/sites/default/files/1389/392/Q01.jpg
http://emtehan.roshd.ir/sites/default/files/1389/392/Q02.jpg
http://emtehan.roshd.ir/sites/default/files/1389/392/Q03.jpg
http://emtehan.roshd.ir/sites/default/files/1389/392/Q04.jpg
http://emtehan.roshd.ir/sites/default/files/1389/392/A01.jpg
http://emtehan.roshd.ir/sites/default/files/1389/392/A02.jpg
http://emtehan.roshd.ir/sites/default/files/1387/372/Q01.png
http://emtehan.roshd.ir/sites/default/files/1387/372/Q02.png
http://emtehan.roshd.ir/sites/default/files/1387/372/Q03.png
http://emtehan.roshd.ir/sites/default/files/1387/372/Q04.png
http://emtehan.roshd.ir/sites/default/files/1387/372/A01.png
http://emtehan.roshd.ir/sites/default/files/1387/372/A02.png
http://emtehan.roshd.ir/sites/default/files/1387/372/A03.png
http://emtehan.roshd.ir/sites/default/files/1388/141/image001.png
http://emtehan.roshd.ir/sites/default/files/1388/141/image003.png
http://emtehan.roshd.ir/sites/default/files/1388/141/image005.png
http://emtehan.roshd.ir/sites/default/files/1388/141/image007.png
http://emtehan.roshd.ir/sites/default/files/1388/141/image009.png
http://emtehan.roshd.ir/sites/default/files/1388/141/image011.png
http://emtehan.roshd.ir/sites/default/files/1388/141/image013.png

=========arabi=========
http://emtehan.roshd.ir/sites/default/files/1393/917/Q01.gif
http://emtehan.roshd.ir/sites/default/files/1393/917/Q02.gif
http://emtehan.roshd.ir/sites/default/files/1393/917/Q03.gif
http://emtehan.roshd.ir/sites/default/files/1393/917/A01.gif
http://emtehan.roshd.ir/sites/default/files/1393/917/A02.gif
http://emtehan.roshd.ir/sites/default/files/1392/879/Q01.gif
http://emtehan.roshd.ir/sites/default/files/1392/879/Q02.gif
http://emtehan.roshd.ir/sites/default/files/1392/879/Q03.gif
http://emtehan.roshd.ir/sites/default/files/1392/879/A01.gif
http://emtehan.roshd.ir/sites/default/files/1392/879/A02.gif
http://emtehan.roshd.ir/sites/default/files/1391/762/Q01.gif
http://emtehan.roshd.ir/sites/default/files/1391/762/Q02.gif
http://emtehan.roshd.ir/sites/default/files/1391/762/Q03.gif
http://emtehan.roshd.ir/sites/default/files/1391/762/A01.gif
http://emtehan.roshd.ir/sites/default/files/1391/762/A02.gif
http://emtehan.roshd.ir/sites/default/files/1390/646/Q01.gif
http://emtehan.roshd.ir/sites/default/files/1390/646/Q02.gif
http://emtehan.roshd.ir/sites/default/files/1390/646/A01.gif
http://emtehan.roshd.ir/sites/default/files/1390/646/A02.gif
http://emtehan.roshd.ir/sites/default/files/1385/448/Q01.gif
http://emtehan.roshd.ir/sites/default/files/1385/448/Q02.gif
http://emtehan.roshd.ir/sites/default/files/1385/448/A01.gif
http://emtehan.roshd.ir/sites/default/files/1385/448/A02.gif
http://emtehan.roshd.ir/sites/default/files/1386/441/Q01.gif
http://emtehan.roshd.ir/sites/default/files/1386/441/Q02.gif
http://emtehan.roshd.ir/sites/default/files/1386/441/A01.gif
http://emtehan.roshd.ir/sites/default/files/1386/441/A02.gif
http://emtehan.roshd.ir/sites/default/files/1389/387/Q01.png
http://emtehan.roshd.ir/sites/default/files/1389/387/Q02.png
http://emtehan.roshd.ir/sites/default/files/1389/387/A01.png
http://emtehan.roshd.ir/sites/default/files/1389/387/A02.png
http://emtehan.roshd.ir/sites/default/files/1387/347/Q01.png
http://emtehan.roshd.ir/sites/default/files/1387/347/Q02.png
http://emtehan.roshd.ir/sites/default/files/1387/347/A01.png
http://emtehan.roshd.ir/sites/default/files/1387/347/A02.png
http://emtehan.roshd.ir/sites/default/files/1388/170/image001.png
http://emtehan.roshd.ir/sites/default/files/1388/170/image003.png
http://emtehan.roshd.ir/sites/default/files/1388/170/image005.png
http://emtehan.roshd.ir/sites/default/files/1388/170/image007.png

=========fizik=========
http://emtehan.roshd.ir/sites/default/files/1393/984/Q01.gif
http://emtehan.roshd.ir/sites/default/files/1393/984/Q02.gif
http://emtehan.roshd.ir/sites/default/files/1393/984/Q03.gif
http://emtehan.roshd.ir/sites/default/files/1393/984/Q04.gif
http://emtehan.roshd.ir/sites/default/files/1393/984/A01.gif
http://emtehan.roshd.ir/sites/default/files/1393/984/A02.gif
http://emtehan.roshd.ir/sites/default/files/1393/984/A03.gif
http://emtehan.roshd.ir/sites/default/files/1392/840/Q01.gif
http://emtehan.roshd.ir/sites/default/files/1392/840/Q02.gif
http://emtehan.roshd.ir/sites/default/files/1392/840/A01.gif
http://emtehan.roshd.ir/sites/default/files/1392/840/A02.gif
http://emtehan.roshd.ir/sites/default/files/1392/840/A03.gif
http://emtehan.roshd.ir/sites/default/files/1392/840/A04.gif
http://emtehan.roshd.ir/sites/default/files/1392/840/A05.gif
http://emtehan.roshd.ir/sites/default/files/1391/669/Q01.gif
http://emtehan.roshd.ir/sites/default/files/1391/669/Q02.gif
http://emtehan.roshd.ir/sites/default/files/1391/669/Q03.gif
http://emtehan.roshd.ir/sites/default/files/1391/669/A01.gif
http://emtehan.roshd.ir/sites/default/files/1391/669/A02.gif
http://emtehan.roshd.ir/sites/default/files/1390/643/Q01.jpg
http://emtehan.roshd.ir/sites/default/files/1390/643/Q02.jpg
http://emtehan.roshd.ir/sites/default/files/1390/643/Q03.jpg
http://emtehan.roshd.ir/sites/default/files/1390/643/A01.jpg
http://emtehan.roshd.ir/sites/default/files/1390/643/A02.jpg
http://emtehan.roshd.ir/sites/default/files/1385/452/Q01.gif
http://emtehan.roshd.ir/sites/default/files/1385/452/Q02.gif
http://emtehan.roshd.ir/sites/default/files/1385/452/Q03.gif
http://emtehan.roshd.ir/sites/default/files/1385/452/A01.gif
http://emtehan.roshd.ir/sites/default/files/1385/452/A02.gif
http://emtehan.roshd.ir/sites/default/files/1389/381/Q01.png
http://emtehan.roshd.ir/sites/default/files/1389/381/Q02.png
http://emtehan.roshd.ir/sites/default/files/1389/381/Q03.png
http://emtehan.roshd.ir/sites/default/files/1389/381/A01.png
http://emtehan.roshd.ir/sites/default/files/1389/381/A02.png
http://emtehan.roshd.ir/sites/default/files/1388/155/image001.png
http://emtehan.roshd.ir/sites/default/files/1388/155/image003.png
http://emtehan.roshd.ir/sites/default/files/1388/155/image005.png
http://emtehan.roshd.ir/sites/default/files/1388/155/image007.png
http://emtehan.roshd.ir/sites/default/files/1388/155/image009.png
http://emtehan.roshd.ir/sites/default/files/1387/124/Q01.png
http://emtehan.roshd.ir/sites/default/files/1387/124/Q02.png
http://emtehan.roshd.ir/sites/default/files/1387/124/Q03.png
http://emtehan.roshd.ir/sites/default/files/1387/124/A01.png
http://emtehan.roshd.ir/sites/default/files/1387/124/A02.png
http://emtehan.roshd.ir/sites/default/files/1387/124/A03.png
http://emtehan.roshd.ir/sites/default/files/1386/61/Q01.gif
http://emtehan.roshd.ir/sites/default/files/1386/61/Q02.gif
http://emtehan.roshd.ir/sites/default/files/1386/61/Q03.gif
http://emtehan.roshd.ir/sites/default/files/1386/61/A01.gif
http://emtehan.roshd.ir/sites/default/files/1386/61/A02.gif

=========dini=========
http://emtehan.roshd.ir/sites/default/files/1393/884/Q01.gif
http://emtehan.roshd.ir/sites/default/files/1393/884/Q02.gif
http://emtehan.roshd.ir/sites/default/files/1393/884/A01.gif
http://emtehan.roshd.ir/sites/default/files/1393/884/A02.gif
http://emtehan.roshd.ir/sites/default/files/1392/769/Q01.gif
http://emtehan.roshd.ir/sites/default/files/1392/769/A01.gif
http://emtehan.roshd.ir/sites/default/files/1392/769/A02.gif
http://emtehan.roshd.ir/sites/default/files/1391/655/Q01.gif
http://emtehan.roshd.ir/sites/default/files/1391/655/Q02.gif
http://emtehan.roshd.ir/sites/default/files/1391/655/A01.gif
http://emtehan.roshd.ir/sites/default/files/1391/655/A02.gif
http://emtehan.roshd.ir/sites/default/files/1390/459/Q01.gif
http://emtehan.roshd.ir/sites/default/files/1390/459/A01.gif
http://emtehan.roshd.ir/sites/default/files/1390/459/A02.gif
http://emtehan.roshd.ir/sites/default/files/1385/444/Q01.gif
http://emtehan.roshd.ir/sites/default/files/1385/444/Q02.gif
http://emtehan.roshd.ir/sites/default/files/1385/444/A01.gif
http://emtehan.roshd.ir/sites/default/files/1385/444/A02.gif
http://emtehan.roshd.ir/sites/default/files/1387/116/Q01.png
http://emtehan.roshd.ir/sites/default/files/1387/116/A01.png
http://emtehan.roshd.ir/sites/default/files/1387/116/A02.png
http://emtehan.roshd.ir/sites/default/files/1387/116/Eslahieh.png
http://emtehan.roshd.ir/sites/default/files/1386/45/Q01.jpg
http://emtehan.roshd.ir/sites/default/files/1386/45/A01.jpg
http://emtehan.roshd.ir/sites/default/files/1386/45/A02.jpg
http://emtehan.roshd.ir/sites/default/files/1389/19/Q01.png
http://emtehan.roshd.ir/sites/default/files/1389/19/A01.png
http://emtehan.roshd.ir/sites/default/files/1389/19/A02.png
http://emtehan.roshd.ir/sites/default/files/1388/2/Q01.png
http://emtehan.roshd.ir/sites/default/files/1388/2/A01.png
http://emtehan.roshd.ir/sites/default/files/1388/2/A02.png

=========hendese=========
http://emtehan.roshd.ir/sites/default/files/1393/992/Q01.gif
http://emtehan.roshd.ir/sites/default/files/1393/992/Q02.gif
http://emtehan.roshd.ir/sites/default/files/1393/992/A01.gif
http://emtehan.roshd.ir/sites/default/files/1393/992/A02.gif
http://emtehan.roshd.ir/sites/default/files/1393/992/A03.gif
http://emtehan.roshd.ir/sites/default/files/1393/992/A04.gif
http://emtehan.roshd.ir/sites/default/files/1392/874/Q01.gif
http://emtehan.roshd.ir/sites/default/files/1392/874/Q02.gif
http://emtehan.roshd.ir/sites/default/files/1392/874/A01.gif
http://emtehan.roshd.ir/sites/default/files/1392/874/A02.gif
http://emtehan.roshd.ir/sites/default/files/1392/874/A03.gif
http://emtehan.roshd.ir/sites/default/files/1392/874/A04.gif
http://emtehan.roshd.ir/sites/default/files/1391/657/Q01.gif
http://emtehan.roshd.ir/sites/default/files/1391/657/Q02.gif
http://emtehan.roshd.ir/sites/default/files/1391/657/A01.gif
http://emtehan.roshd.ir/sites/default/files/1391/657/A02.gif
http://emtehan.roshd.ir/sites/default/files/1391/657/A03.gif
http://emtehan.roshd.ir/sites/default/files/1391/657/A04.gif
http://emtehan.roshd.ir/sites/default/files/1390/461/Q1.png
http://emtehan.roshd.ir/sites/default/files/1390/461/Q2.png
http://emtehan.roshd.ir/sites/default/files/1390/461/Q3.png
http://emtehan.roshd.ir/sites/default/files/1390/461/A1.png
http://emtehan.roshd.ir/sites/default/files/1390/461/A2.png
http://emtehan.roshd.ir/sites/default/files/1390/461/A3.png
http://emtehan.roshd.ir/sites/default/files/1390/461/A4.png
http://emtehan.roshd.ir/sites/default/files/1385/451/Q01.gif
http://emtehan.roshd.ir/sites/default/files/1385/451/Q02.gif
http://emtehan.roshd.ir/sites/default/files/1385/451/A01.gif
http://emtehan.roshd.ir/sites/default/files/1385/451/A02.gif
http://emtehan.roshd.ir/sites/default/files/1385/451/A03.gif
http://emtehan.roshd.ir/sites/default/files/1389/378/Q01.jpg
http://emtehan.roshd.ir/sites/default/files/1389/378/Q02.jpg
http://emtehan.roshd.ir/sites/default/files/1389/378/A01.jpg
http://emtehan.roshd.ir/sites/default/files/1389/378/A02.jpg
http://emtehan.roshd.ir/sites/default/files/1389/378/A03.jpg
http://emtehan.roshd.ir/sites/default/files/1389/378/A04.jpg
http://emtehan.roshd.ir/sites/default/files/1389/378/A05.jpg
http://emtehan.roshd.ir/sites/default/files/1387/354/Q01.png
http://emtehan.roshd.ir/sites/default/files/1387/354/Q02.png
http://emtehan.roshd.ir/sites/default/files/1387/354/A01.png
http://emtehan.roshd.ir/sites/default/files/1387/354/A02.png
http://emtehan.roshd.ir/sites/default/files/1387/354/A03.png
http://emtehan.roshd.ir/sites/default/files/1387/354/A04.png
http://emtehan.roshd.ir/sites/default/files/1388/162/image003.png
http://emtehan.roshd.ir/sites/default/files/1388/162/image001.png
http://emtehan.roshd.ir/sites/default/files/1388/162/image005.png
http://emtehan.roshd.ir/sites/default/files/1388/162/image007.png
http://emtehan.roshd.ir/sites/default/files/1388/162/image009.png
http://emtehan.roshd.ir/sites/default/files/1388/162/image011.png
http://emtehan.roshd.ir/sites/default/files/1388/162/image013.png
http://emtehan.roshd.ir/sites/default/files/1386/63/Q01.jpg
http://emtehan.roshd.ir/sites/default/files/1386/63/Q02.jpg
http://emtehan.roshd.ir/sites/default/files/1386/63/A01.jpg
http://emtehan.roshd.ir/sites/default/files/1386/63/Q02_0.jpg

