http://emtehan.roshd.ir/sites/default/files/1393/997/Q01.gif
http://emtehan.roshd.ir/sites/default/files/1393/997/Q02.gif
http://emtehan.roshd.ir/sites/default/files/1393/997/Q03.gif
http://emtehan.roshd.ir/sites/default/files/1393/997/A01.gif
http://emtehan.roshd.ir/sites/default/files/1393/997/A02.gif
http://emtehan.roshd.ir/sites/default/files/1392/802/Q01.gif
http://emtehan.roshd.ir/sites/default/files/1392/802/Q02.gif
http://emtehan.roshd.ir/sites/default/files/1392/802/Q03.gif
http://emtehan.roshd.ir/sites/default/files/1392/802/A01.gif
http://emtehan.roshd.ir/sites/default/files/1392/802/A02.gif
http://emtehan.roshd.ir/sites/default/files/1391/765/Q01.gif
http://emtehan.roshd.ir/sites/default/files/1391/765/Q02.gif
http://emtehan.roshd.ir/sites/default/files/1391/765/Q03.gif
http://emtehan.roshd.ir/sites/default/files/1391/765/A01.gif
http://emtehan.roshd.ir/sites/default/files/1391/765/A02.gif
http://emtehan.roshd.ir/sites/default/files/1390/510/Q1.gif
http://emtehan.roshd.ir/sites/default/files/1390/510/Q2.gif
http://emtehan.roshd.ir/sites/default/files/1390/510/Q3.gif
http://emtehan.roshd.ir/sites/default/files/1390/510/A1.gif
http://emtehan.roshd.ir/sites/default/files/1390/510/A2.gif
http://emtehan.roshd.ir/sites/default/files/1385/446/Q01.gif
http://emtehan.roshd.ir/sites/default/files/1385/446/Q02.gif
http://emtehan.roshd.ir/sites/default/files/1385/446/A01.gif
http://emtehan.roshd.ir/sites/default/files/1386/440/Q01.jpg
http://emtehan.roshd.ir/sites/default/files/1386/440/Q02.jpg
http://emtehan.roshd.ir/sites/default/files/1386/440/Q03.jpg
http://emtehan.roshd.ir/sites/default/files/1386/440/A01.jpg
http://emtehan.roshd.ir/sites/default/files/1386/440/A02.jpg
http://emtehan.roshd.ir/sites/default/files/1387/365/Q01.png
http://emtehan.roshd.ir/sites/default/files/1387/365/Q02.png
http://emtehan.roshd.ir/sites/default/files/1387/365/A01.png
http://emtehan.roshd.ir/sites/default/files/1387/365/A02.png
http://emtehan.roshd.ir/sites/default/files/1389/99/Q01.jpg
http://emtehan.roshd.ir/sites/default/files/1389/99/Q02.jpg
http://emtehan.roshd.ir/sites/default/files/1389/99/A01.jpg
http://emtehan.roshd.ir/sites/default/files/1389/99/A02.jpg
http://emtehan.roshd.ir/sites/default/files/1388/75/image001.png
http://emtehan.roshd.ir/sites/default/files/1388/75/image003.png
http://emtehan.roshd.ir/sites/default/files/1388/75/image007.png
