http://emtehan.roshd.ir/sites/default/files/1393/917/Q01.gif
http://emtehan.roshd.ir/sites/default/files/1393/917/Q02.gif
http://emtehan.roshd.ir/sites/default/files/1393/917/Q03.gif
http://emtehan.roshd.ir/sites/default/files/1393/917/A01.gif
http://emtehan.roshd.ir/sites/default/files/1393/917/A02.gif
http://emtehan.roshd.ir/sites/default/files/1392/879/Q01.gif
http://emtehan.roshd.ir/sites/default/files/1392/879/Q02.gif
http://emtehan.roshd.ir/sites/default/files/1392/879/Q03.gif
http://emtehan.roshd.ir/sites/default/files/1392/879/A01.gif
http://emtehan.roshd.ir/sites/default/files/1392/879/A02.gif
http://emtehan.roshd.ir/sites/default/files/1391/762/Q01.gif
http://emtehan.roshd.ir/sites/default/files/1391/762/Q02.gif
http://emtehan.roshd.ir/sites/default/files/1391/762/Q03.gif
http://emtehan.roshd.ir/sites/default/files/1391/762/A01.gif
http://emtehan.roshd.ir/sites/default/files/1391/762/A02.gif
http://emtehan.roshd.ir/sites/default/files/1390/646/Q01.gif
http://emtehan.roshd.ir/sites/default/files/1390/646/Q02.gif
http://emtehan.roshd.ir/sites/default/files/1390/646/A01.gif
http://emtehan.roshd.ir/sites/default/files/1390/646/A02.gif
http://emtehan.roshd.ir/sites/default/files/1385/448/Q01.gif
http://emtehan.roshd.ir/sites/default/files/1385/448/Q02.gif
http://emtehan.roshd.ir/sites/default/files/1385/448/A01.gif
http://emtehan.roshd.ir/sites/default/files/1385/448/A02.gif
http://emtehan.roshd.ir/sites/default/files/1386/441/Q01.gif
http://emtehan.roshd.ir/sites/default/files/1386/441/Q02.gif
http://emtehan.roshd.ir/sites/default/files/1386/441/A01.gif
http://emtehan.roshd.ir/sites/default/files/1386/441/A02.gif
http://emtehan.roshd.ir/sites/default/files/1389/387/Q01.png
http://emtehan.roshd.ir/sites/default/files/1389/387/Q02.png
http://emtehan.roshd.ir/sites/default/files/1389/387/A01.png
http://emtehan.roshd.ir/sites/default/files/1389/387/A02.png
http://emtehan.roshd.ir/sites/default/files/1387/347/Q01.png
http://emtehan.roshd.ir/sites/default/files/1387/347/Q02.png
http://emtehan.roshd.ir/sites/default/files/1387/347/A01.png
http://emtehan.roshd.ir/sites/default/files/1387/347/A02.png
http://emtehan.roshd.ir/sites/default/files/1388/170/image001.png
http://emtehan.roshd.ir/sites/default/files/1388/170/image003.png
http://emtehan.roshd.ir/sites/default/files/1388/170/image005.png
http://emtehan.roshd.ir/sites/default/files/1388/170/image007.png
