http://emtehan.roshd.ir/sites/default/files/1393/884/Q01.gif
http://emtehan.roshd.ir/sites/default/files/1393/884/Q02.gif
http://emtehan.roshd.ir/sites/default/files/1393/884/A01.gif
http://emtehan.roshd.ir/sites/default/files/1393/884/A02.gif
http://emtehan.roshd.ir/sites/default/files/1392/769/Q01.gif
http://emtehan.roshd.ir/sites/default/files/1392/769/A01.gif
http://emtehan.roshd.ir/sites/default/files/1392/769/A02.gif
http://emtehan.roshd.ir/sites/default/files/1391/655/Q01.gif
http://emtehan.roshd.ir/sites/default/files/1391/655/Q02.gif
http://emtehan.roshd.ir/sites/default/files/1391/655/A01.gif
http://emtehan.roshd.ir/sites/default/files/1391/655/A02.gif
http://emtehan.roshd.ir/sites/default/files/1390/459/Q01.gif
http://emtehan.roshd.ir/sites/default/files/1390/459/A01.gif
http://emtehan.roshd.ir/sites/default/files/1390/459/A02.gif
http://emtehan.roshd.ir/sites/default/files/1385/444/Q01.gif
http://emtehan.roshd.ir/sites/default/files/1385/444/Q02.gif
http://emtehan.roshd.ir/sites/default/files/1385/444/A01.gif
http://emtehan.roshd.ir/sites/default/files/1385/444/A02.gif
http://emtehan.roshd.ir/sites/default/files/1387/116/Q01.png
http://emtehan.roshd.ir/sites/default/files/1387/116/A01.png
http://emtehan.roshd.ir/sites/default/files/1387/116/A02.png
http://emtehan.roshd.ir/sites/default/files/1387/116/Eslahieh.png
http://emtehan.roshd.ir/sites/default/files/1386/45/Q01.jpg
http://emtehan.roshd.ir/sites/default/files/1386/45/A01.jpg
http://emtehan.roshd.ir/sites/default/files/1386/45/A02.jpg
http://emtehan.roshd.ir/sites/default/files/1389/19/Q01.png
http://emtehan.roshd.ir/sites/default/files/1389/19/A01.png
http://emtehan.roshd.ir/sites/default/files/1389/19/A02.png
http://emtehan.roshd.ir/sites/default/files/1388/2/Q01.png
http://emtehan.roshd.ir/sites/default/files/1388/2/A01.png
http://emtehan.roshd.ir/sites/default/files/1388/2/A02.png
