http://emtehan.roshd.ir/sites/default/files/1393/984/Q01.gif
http://emtehan.roshd.ir/sites/default/files/1393/984/Q02.gif
http://emtehan.roshd.ir/sites/default/files/1393/984/Q03.gif
http://emtehan.roshd.ir/sites/default/files/1393/984/Q04.gif
http://emtehan.roshd.ir/sites/default/files/1393/984/A01.gif
http://emtehan.roshd.ir/sites/default/files/1393/984/A02.gif
http://emtehan.roshd.ir/sites/default/files/1393/984/A03.gif
http://emtehan.roshd.ir/sites/default/files/1392/840/Q01.gif
http://emtehan.roshd.ir/sites/default/files/1392/840/Q02.gif
http://emtehan.roshd.ir/sites/default/files/1392/840/A01.gif
http://emtehan.roshd.ir/sites/default/files/1392/840/A02.gif
http://emtehan.roshd.ir/sites/default/files/1392/840/A03.gif
http://emtehan.roshd.ir/sites/default/files/1392/840/A04.gif
http://emtehan.roshd.ir/sites/default/files/1392/840/A05.gif
http://emtehan.roshd.ir/sites/default/files/1391/669/Q01.gif
http://emtehan.roshd.ir/sites/default/files/1391/669/Q02.gif
http://emtehan.roshd.ir/sites/default/files/1391/669/Q03.gif
http://emtehan.roshd.ir/sites/default/files/1391/669/A01.gif
http://emtehan.roshd.ir/sites/default/files/1391/669/A02.gif
http://emtehan.roshd.ir/sites/default/files/1390/643/Q01.jpg
http://emtehan.roshd.ir/sites/default/files/1390/643/Q02.jpg
http://emtehan.roshd.ir/sites/default/files/1390/643/Q03.jpg
http://emtehan.roshd.ir/sites/default/files/1390/643/A01.jpg
http://emtehan.roshd.ir/sites/default/files/1390/643/A02.jpg
http://emtehan.roshd.ir/sites/default/files/1385/452/Q01.gif
http://emtehan.roshd.ir/sites/default/files/1385/452/Q02.gif
http://emtehan.roshd.ir/sites/default/files/1385/452/Q03.gif
http://emtehan.roshd.ir/sites/default/files/1385/452/A01.gif
http://emtehan.roshd.ir/sites/default/files/1385/452/A02.gif
http://emtehan.roshd.ir/sites/default/files/1389/381/Q01.png
http://emtehan.roshd.ir/sites/default/files/1389/381/Q02.png
http://emtehan.roshd.ir/sites/default/files/1389/381/Q03.png
http://emtehan.roshd.ir/sites/default/files/1389/381/A01.png
http://emtehan.roshd.ir/sites/default/files/1389/381/A02.png
http://emtehan.roshd.ir/sites/default/files/1388/155/image001.png
http://emtehan.roshd.ir/sites/default/files/1388/155/image003.png
http://emtehan.roshd.ir/sites/default/files/1388/155/image005.png
http://emtehan.roshd.ir/sites/default/files/1388/155/image007.png
http://emtehan.roshd.ir/sites/default/files/1388/155/image009.png
http://emtehan.roshd.ir/sites/default/files/1387/124/Q01.png
http://emtehan.roshd.ir/sites/default/files/1387/124/Q02.png
http://emtehan.roshd.ir/sites/default/files/1387/124/Q03.png
http://emtehan.roshd.ir/sites/default/files/1387/124/A01.png
http://emtehan.roshd.ir/sites/default/files/1387/124/A02.png
http://emtehan.roshd.ir/sites/default/files/1387/124/A03.png
http://emtehan.roshd.ir/sites/default/files/1386/61/Q01.gif
http://emtehan.roshd.ir/sites/default/files/1386/61/Q02.gif
http://emtehan.roshd.ir/sites/default/files/1386/61/Q03.gif
http://emtehan.roshd.ir/sites/default/files/1386/61/A01.gif
http://emtehan.roshd.ir/sites/default/files/1386/61/A02.gif
