http://emtehan.roshd.ir/sites/default/files/1393/992/Q01.gif
http://emtehan.roshd.ir/sites/default/files/1393/992/Q02.gif
http://emtehan.roshd.ir/sites/default/files/1393/992/A01.gif
http://emtehan.roshd.ir/sites/default/files/1393/992/A02.gif
http://emtehan.roshd.ir/sites/default/files/1393/992/A03.gif
http://emtehan.roshd.ir/sites/default/files/1393/992/A04.gif
http://emtehan.roshd.ir/sites/default/files/1392/874/Q01.gif
http://emtehan.roshd.ir/sites/default/files/1392/874/Q02.gif
http://emtehan.roshd.ir/sites/default/files/1392/874/A01.gif
http://emtehan.roshd.ir/sites/default/files/1392/874/A02.gif
http://emtehan.roshd.ir/sites/default/files/1392/874/A03.gif
http://emtehan.roshd.ir/sites/default/files/1392/874/A04.gif
http://emtehan.roshd.ir/sites/default/files/1391/657/Q01.gif
http://emtehan.roshd.ir/sites/default/files/1391/657/Q02.gif
http://emtehan.roshd.ir/sites/default/files/1391/657/A01.gif
http://emtehan.roshd.ir/sites/default/files/1391/657/A02.gif
http://emtehan.roshd.ir/sites/default/files/1391/657/A03.gif
http://emtehan.roshd.ir/sites/default/files/1391/657/A04.gif
http://emtehan.roshd.ir/sites/default/files/1390/461/Q1.png
http://emtehan.roshd.ir/sites/default/files/1390/461/Q2.png
http://emtehan.roshd.ir/sites/default/files/1390/461/Q3.png
http://emtehan.roshd.ir/sites/default/files/1390/461/A1.png
http://emtehan.roshd.ir/sites/default/files/1390/461/A2.png
http://emtehan.roshd.ir/sites/default/files/1390/461/A3.png
http://emtehan.roshd.ir/sites/default/files/1390/461/A4.png
http://emtehan.roshd.ir/sites/default/files/1385/451/Q01.gif
http://emtehan.roshd.ir/sites/default/files/1385/451/Q02.gif
http://emtehan.roshd.ir/sites/default/files/1385/451/A01.gif
http://emtehan.roshd.ir/sites/default/files/1385/451/A02.gif
http://emtehan.roshd.ir/sites/default/files/1385/451/A03.gif
http://emtehan.roshd.ir/sites/default/files/1389/378/Q01.jpg
http://emtehan.roshd.ir/sites/default/files/1389/378/Q02.jpg
http://emtehan.roshd.ir/sites/default/files/1389/378/A01.jpg
http://emtehan.roshd.ir/sites/default/files/1389/378/A02.jpg
http://emtehan.roshd.ir/sites/default/files/1389/378/A03.jpg
http://emtehan.roshd.ir/sites/default/files/1389/378/A04.jpg
http://emtehan.roshd.ir/sites/default/files/1389/378/A05.jpg
http://emtehan.roshd.ir/sites/default/files/1387/354/Q01.png
http://emtehan.roshd.ir/sites/default/files/1387/354/Q02.png
http://emtehan.roshd.ir/sites/default/files/1387/354/A01.png
http://emtehan.roshd.ir/sites/default/files/1387/354/A02.png
http://emtehan.roshd.ir/sites/default/files/1387/354/A03.png
http://emtehan.roshd.ir/sites/default/files/1387/354/A04.png
http://emtehan.roshd.ir/sites/default/files/1388/162/image003.png
http://emtehan.roshd.ir/sites/default/files/1388/162/image001.png
http://emtehan.roshd.ir/sites/default/files/1388/162/image005.png
http://emtehan.roshd.ir/sites/default/files/1388/162/image007.png
http://emtehan.roshd.ir/sites/default/files/1388/162/image009.png
http://emtehan.roshd.ir/sites/default/files/1388/162/image011.png
http://emtehan.roshd.ir/sites/default/files/1388/162/image013.png
http://emtehan.roshd.ir/sites/default/files/1386/63/Q01.jpg
http://emtehan.roshd.ir/sites/default/files/1386/63/Q02.jpg
http://emtehan.roshd.ir/sites/default/files/1386/63/A01.jpg
http://emtehan.roshd.ir/sites/default/files/1386/63/Q02_0.jpg
