http://emtehan.roshd.ir/sites/default/files/1393/930/Q01.gif
http://emtehan.roshd.ir/sites/default/files/1393/930/Q02.gif
http://emtehan.roshd.ir/sites/default/files/1393/930/A01.gif
http://emtehan.roshd.ir/sites/default/files/1393/930/A02.gif
http://emtehan.roshd.ir/sites/default/files/1392/771/Q01.gif
http://emtehan.roshd.ir/sites/default/files/1392/771/Q02.gif
http://emtehan.roshd.ir/sites/default/files/1392/771/A01.gif
http://emtehan.roshd.ir/sites/default/files/1392/771/A02.gif
http://emtehan.roshd.ir/sites/default/files/1392/771/A03.gif
http://emtehan.roshd.ir/sites/default/files/1391/756/Q01.gif
http://emtehan.roshd.ir/sites/default/files/1391/756/Q02.gif
http://emtehan.roshd.ir/sites/default/files/1391/756/A01.gif
http://emtehan.roshd.ir/sites/default/files/1391/756/A02.gif
http://emtehan.roshd.ir/sites/default/files/1391/756/A03.gif
http://emtehan.roshd.ir/sites/default/files/1390/586/Q01.gif
http://emtehan.roshd.ir/sites/default/files/1390/586/Q02.gif
http://emtehan.roshd.ir/sites/default/files/1390/586/A01.gif
http://emtehan.roshd.ir/sites/default/files/1390/586/A02.gif
http://emtehan.roshd.ir/sites/default/files/1390/586/A03.gif
http://emtehan.roshd.ir/sites/default/files/1385/453/Q01.gif
http://emtehan.roshd.ir/sites/default/files/1385/453/Q02.gif
http://emtehan.roshd.ir/sites/default/files/1385/453/A01.gif
http://emtehan.roshd.ir/sites/default/files/1385/453/A02.gif
http://emtehan.roshd.ir/sites/default/files/1385/453/A03.gif
http://emtehan.roshd.ir/sites/default/files/1389/242/Q01.png
http://emtehan.roshd.ir/sites/default/files/1389/242/Q02.png
http://emtehan.roshd.ir/sites/default/files/1389/242/A01.png
http://emtehan.roshd.ir/sites/default/files/1389/242/A02.png
http://emtehan.roshd.ir/sites/default/files/1389/242/A03.png
http://emtehan.roshd.ir/sites/default/files/1387/227/Q01.png
http://emtehan.roshd.ir/sites/default/files/1387/227/Q02.png
http://emtehan.roshd.ir/sites/default/files/1387/227/A01.png
http://emtehan.roshd.ir/sites/default/files/1387/227/A02.png
http://emtehan.roshd.ir/sites/default/files/1387/227/A03.png
http://emtehan.roshd.ir/sites/default/files/1388/112/image001.png
http://emtehan.roshd.ir/sites/default/files/1388/112/image003.png
http://emtehan.roshd.ir/sites/default/files/1388/112/image007.png
http://emtehan.roshd.ir/sites/default/files/1388/112/image009.png
http://emtehan.roshd.ir/sites/default/files/1388/112/image011.png
http://emtehan.roshd.ir/sites/default/files/1386/65/Q01.jpg
http://emtehan.roshd.ir/sites/default/files/1386/65/Q02.jpg
http://emtehan.roshd.ir/sites/default/files/1386/65/A01.jpg
http://emtehan.roshd.ir/sites/default/files/1386/65/A02.jpg
http://emtehan.roshd.ir/sites/default/files/1386/65/A03.jpg
http://emtehan.roshd.ir/sites/default/files/1386/65/A04.jpg
