http://emtehan.roshd.ir/sites/default/files/1393/886/Q01.gif
http://emtehan.roshd.ir/sites/default/files/1393/886/Q02.gif
http://emtehan.roshd.ir/sites/default/files/1393/886/A01.gif
http://emtehan.roshd.ir/sites/default/files/1393/886/A02.gif
http://emtehan.roshd.ir/sites/default/files/1393/886/A03.gif
http://emtehan.roshd.ir/sites/default/files/1393/886/A04.gif
http://emtehan.roshd.ir/sites/default/files/1392/813/Q01.gif
http://emtehan.roshd.ir/sites/default/files/1392/813/Q02.gif
http://emtehan.roshd.ir/sites/default/files/1392/813/A01.gif
http://emtehan.roshd.ir/sites/default/files/1392/813/A02.gif
http://emtehan.roshd.ir/sites/default/files/1392/813/A03.gif
http://emtehan.roshd.ir/sites/default/files/1392/813/A04.gif
http://emtehan.roshd.ir/sites/default/files/1391/728/Q01.gif
http://emtehan.roshd.ir/sites/default/files/1391/728/Q02.gif
http://emtehan.roshd.ir/sites/default/files/1391/728/A01.gif
http://emtehan.roshd.ir/sites/default/files/1391/728/A02.gif
http://emtehan.roshd.ir/sites/default/files/1391/728/A03.gif
http://emtehan.roshd.ir/sites/default/files/1391/728/A04.gif
http://emtehan.roshd.ir/sites/default/files/1390/638/Q01.gif
http://emtehan.roshd.ir/sites/default/files/1390/638/Q02.gif
http://emtehan.roshd.ir/sites/default/files/1390/638/A01.gif
http://emtehan.roshd.ir/sites/default/files/1390/638/A02.gif
http://emtehan.roshd.ir/sites/default/files/1390/638/A03.gif
http://emtehan.roshd.ir/sites/default/files/1390/638/A04.gif
http://emtehan.roshd.ir/sites/default/files/1385/450/Q01.gif
http://emtehan.roshd.ir/sites/default/files/1385/450/A01.gif
http://emtehan.roshd.ir/sites/default/files/1385/450/A02.gif
http://emtehan.roshd.ir/sites/default/files/1385/450/A03.gif
http://emtehan.roshd.ir/sites/default/files/1387/253/Q01.png
http://emtehan.roshd.ir/sites/default/files/1387/253/Q02.png
http://emtehan.roshd.ir/sites/default/files/1387/253/A01.png
http://emtehan.roshd.ir/sites/default/files/1387/253/A02.png
http://emtehan.roshd.ir/sites/default/files/1387/253/A03.png
http://emtehan.roshd.ir/sites/default/files/1386/190/Q01.jpg
http://emtehan.roshd.ir/sites/default/files/1386/190/Q02.jpg
http://emtehan.roshd.ir/sites/default/files/1386/190/A02.jpg
http://emtehan.roshd.ir/sites/default/files/1386/190/A03.jpg
http://emtehan.roshd.ir/sites/default/files/1386/190/A04.jpg
http://emtehan.roshd.ir/sites/default/files/1388/38/image001.png
http://emtehan.roshd.ir/sites/default/files/1388/38/image003.png
http://emtehan.roshd.ir/sites/default/files/1388/38/image005.png
http://emtehan.roshd.ir/sites/default/files/1388/38/image007.png
http://emtehan.roshd.ir/sites/default/files/1388/38/image009.png
http://emtehan.roshd.ir/sites/default/files/1389/28/A01.png
http://emtehan.roshd.ir/sites/default/files/1389/28/A02.png
http://emtehan.roshd.ir/sites/default/files/1389/28/A01_0.png
http://emtehan.roshd.ir/sites/default/files/1389/28/A02_0.png
http://emtehan.roshd.ir/sites/default/files/1389/28/A03.png
