http://emtehan.roshd.ir/sites/default/files/1393/972/Q01.gif
http://emtehan.roshd.ir/sites/default/files/1393/972/Q02.gif
http://emtehan.roshd.ir/sites/default/files/1393/972/Q03.gif
http://emtehan.roshd.ir/sites/default/files/1393/972/Q04.gif
http://emtehan.roshd.ir/sites/default/files/1393/972/A01.gif
http://emtehan.roshd.ir/sites/default/files/1393/972/A02.gif
http://emtehan.roshd.ir/sites/default/files/1393/972/A03.gif
http://emtehan.roshd.ir/sites/default/files/1392/872/Q01.gif
http://emtehan.roshd.ir/sites/default/files/1392/872/Q02.gif
http://emtehan.roshd.ir/sites/default/files/1392/872/Q03.gif
http://emtehan.roshd.ir/sites/default/files/1392/872/Q04.gif
http://emtehan.roshd.ir/sites/default/files/1392/872/A01.gif
http://emtehan.roshd.ir/sites/default/files/1392/872/A02.gif
http://emtehan.roshd.ir/sites/default/files/1392/872/A03.gif
http://emtehan.roshd.ir/sites/default/files/1391/760/Q01.gif
http://emtehan.roshd.ir/sites/default/files/1391/760/Q02.gif
http://emtehan.roshd.ir/sites/default/files/1391/760/Q03.gif
http://emtehan.roshd.ir/sites/default/files/1391/760/Q04.gif
http://emtehan.roshd.ir/sites/default/files/1391/760/A01.gif
http://emtehan.roshd.ir/sites/default/files/1391/760/A02.gif
http://emtehan.roshd.ir/sites/default/files/1391/760/A03.gif
http://emtehan.roshd.ir/sites/default/files/1390/649/Q01.gif
http://emtehan.roshd.ir/sites/default/files/1390/649/Q02.gif
http://emtehan.roshd.ir/sites/default/files/1390/649/Q03.gif
http://emtehan.roshd.ir/sites/default/files/1390/649/Q04.gif
http://emtehan.roshd.ir/sites/default/files/1390/649/A01.gif
http://emtehan.roshd.ir/sites/default/files/1390/649/A02.gif
http://emtehan.roshd.ir/sites/default/files/1390/649/A03.gif
http://emtehan.roshd.ir/sites/default/files/1385/447/Q01.gif
http://emtehan.roshd.ir/sites/default/files/1385/447/Q02.gif
http://emtehan.roshd.ir/sites/default/files/1385/447/Q03.gif
http://emtehan.roshd.ir/sites/default/files/1385/447/Q04.gif
http://emtehan.roshd.ir/sites/default/files/1385/447/A01.gif
http://emtehan.roshd.ir/sites/default/files/1385/447/A02.gif
http://emtehan.roshd.ir/sites/default/files/1386/439/Q01.jpg
http://emtehan.roshd.ir/sites/default/files/1386/439/Q02.jpg
http://emtehan.roshd.ir/sites/default/files/1386/439/Q03.jpg
http://emtehan.roshd.ir/sites/default/files/1386/439/Q04.jpg
http://emtehan.roshd.ir/sites/default/files/1386/439/A01.jpg
http://emtehan.roshd.ir/sites/default/files/1386/439/A02.jpg
http://emtehan.roshd.ir/sites/default/files/1386/439/A03.jpg
http://emtehan.roshd.ir/sites/default/files/1389/392/Q01.jpg
http://emtehan.roshd.ir/sites/default/files/1389/392/Q02.jpg
http://emtehan.roshd.ir/sites/default/files/1389/392/Q03.jpg
http://emtehan.roshd.ir/sites/default/files/1389/392/Q04.jpg
http://emtehan.roshd.ir/sites/default/files/1389/392/A01.jpg
http://emtehan.roshd.ir/sites/default/files/1389/392/A02.jpg
http://emtehan.roshd.ir/sites/default/files/1387/372/Q01.png
http://emtehan.roshd.ir/sites/default/files/1387/372/Q02.png
http://emtehan.roshd.ir/sites/default/files/1387/372/Q03.png
http://emtehan.roshd.ir/sites/default/files/1387/372/Q04.png
http://emtehan.roshd.ir/sites/default/files/1387/372/A01.png
http://emtehan.roshd.ir/sites/default/files/1387/372/A02.png
http://emtehan.roshd.ir/sites/default/files/1387/372/A03.png
http://emtehan.roshd.ir/sites/default/files/1388/141/image001.png
http://emtehan.roshd.ir/sites/default/files/1388/141/image003.png
http://emtehan.roshd.ir/sites/default/files/1388/141/image005.png
http://emtehan.roshd.ir/sites/default/files/1388/141/image007.png
http://emtehan.roshd.ir/sites/default/files/1388/141/image009.png
http://emtehan.roshd.ir/sites/default/files/1388/141/image011.png
http://emtehan.roshd.ir/sites/default/files/1388/141/image013.png
