http://emtehan.roshd.ir/sites/default/files/1393/983/Q01.gif
http://emtehan.roshd.ir/sites/default/files/1393/983/Q02.gif
http://emtehan.roshd.ir/sites/default/files/1393/983/Q03.gif
http://emtehan.roshd.ir/sites/default/files/1393/983/Q04.gif
http://emtehan.roshd.ir/sites/default/files/1393/983/A01.gif
http://emtehan.roshd.ir/sites/default/files/1393/983/A02.gif
http://emtehan.roshd.ir/sites/default/files/1392/871/Q01.gif
http://emtehan.roshd.ir/sites/default/files/1392/871/Q02.gif
http://emtehan.roshd.ir/sites/default/files/1392/871/Q03.gif
http://emtehan.roshd.ir/sites/default/files/1392/871/Q04.gif
http://emtehan.roshd.ir/sites/default/files/1392/871/A01.gif
http://emtehan.roshd.ir/sites/default/files/1392/871/A02.gif
http://emtehan.roshd.ir/sites/default/files/1391/755/Q01.gif
http://emtehan.roshd.ir/sites/default/files/1391/755/Q02.gif
http://emtehan.roshd.ir/sites/default/files/1391/755/Q03.gif
http://emtehan.roshd.ir/sites/default/files/1391/755/Q04.gif
http://emtehan.roshd.ir/sites/default/files/1391/755/A01.gif
http://emtehan.roshd.ir/sites/default/files/1391/755/A02.gif
http://emtehan.roshd.ir/sites/default/files/1390/615/Q1.gif
http://emtehan.roshd.ir/sites/default/files/1390/615/Q2.gif
http://emtehan.roshd.ir/sites/default/files/1390/615/Q3.gif
http://emtehan.roshd.ir/sites/default/files/1390/615/Q4.gif
http://emtehan.roshd.ir/sites/default/files/1390/615/A1.gif
http://emtehan.roshd.ir/sites/default/files/1390/615/A2.gif
http://emtehan.roshd.ir/sites/default/files/1385/445/Q01.gif
http://emtehan.roshd.ir/sites/default/files/1385/445/Q02.gif
http://emtehan.roshd.ir/sites/default/files/1385/445/Q03.gif
http://emtehan.roshd.ir/sites/default/files/1385/445/Q04.gif
http://emtehan.roshd.ir/sites/default/files/1385/445/A01.gif
http://emtehan.roshd.ir/sites/default/files/1385/445/A02.gif
http://emtehan.roshd.ir/sites/default/files/1389/395/Q01.png
http://emtehan.roshd.ir/sites/default/files/1389/395/Q02.png
http://emtehan.roshd.ir/sites/default/files/1389/395/Q03.png
http://emtehan.roshd.ir/sites/default/files/1389/395/Q04.png
http://emtehan.roshd.ir/sites/default/files/1389/395/A01.png
http://emtehan.roshd.ir/sites/default/files/1389/395/A02.png
http://emtehan.roshd.ir/sites/default/files/1387/364/Q01.png
http://emtehan.roshd.ir/sites/default/files/1387/364/Q02.png
http://emtehan.roshd.ir/sites/default/files/1387/364/Q03.png
http://emtehan.roshd.ir/sites/default/files/1387/364/Q04.png
http://emtehan.roshd.ir/sites/default/files/1387/364/A01.png
http://emtehan.roshd.ir/sites/default/files/1387/364/A02.png
http://emtehan.roshd.ir/sites/default/files/1386/49/Q01.jpg
http://emtehan.roshd.ir/sites/default/files/1386/49/Q02.jpg
http://emtehan.roshd.ir/sites/default/files/1386/49/Q03.jpg
http://emtehan.roshd.ir/sites/default/files/1386/49/Q04.jpg
http://emtehan.roshd.ir/sites/default/files/1386/49/A01.jpg
http://emtehan.roshd.ir/sites/default/files/1386/49/A02.jpg
http://emtehan.roshd.ir/sites/default/files/1388/42/image001.png
http://emtehan.roshd.ir/sites/default/files/1388/42/image003.png
http://emtehan.roshd.ir/sites/default/files/1388/42/image005.png
http://emtehan.roshd.ir/sites/default/files/1388/42/image007.png
http://emtehan.roshd.ir/sites/default/files/1388/42/image009.png
http://emtehan.roshd.ir/sites/default/files/1388/42/image011.png
