http://emtehan.roshd.ir/sites/default/files/1393/988/Q01.gif
http://emtehan.roshd.ir/sites/default/files/1393/988/Q02.gif
http://emtehan.roshd.ir/sites/default/files/1393/988/Q03.gif
http://emtehan.roshd.ir/sites/default/files/1393/988/Q04.gif
http://emtehan.roshd.ir/sites/default/files/1393/988/A01.gif
http://emtehan.roshd.ir/sites/default/files/1393/988/A02.gif
http://emtehan.roshd.ir/sites/default/files/1392/877/Q01.gif
http://emtehan.roshd.ir/sites/default/files/1392/877/Q02.gif
http://emtehan.roshd.ir/sites/default/files/1392/877/Q03.gif
http://emtehan.roshd.ir/sites/default/files/1392/877/A01.gif
http://emtehan.roshd.ir/sites/default/files/1392/877/A02.gif
http://emtehan.roshd.ir/sites/default/files/1391/700/Q01.gif
http://emtehan.roshd.ir/sites/default/files/1391/700/Q02.gif
http://emtehan.roshd.ir/sites/default/files/1391/700/Q03.gif
http://emtehan.roshd.ir/sites/default/files/1391/700/Q04.gif
http://emtehan.roshd.ir/sites/default/files/1391/700/A01.gif
http://emtehan.roshd.ir/sites/default/files/1391/700/A02.gif
http://emtehan.roshd.ir/sites/default/files/1390/652/Q01.gif
http://emtehan.roshd.ir/sites/default/files/1390/652/Q02.gif
http://emtehan.roshd.ir/sites/default/files/1390/652/Q03.gif
http://emtehan.roshd.ir/sites/default/files/1390/652/A01.gif
http://emtehan.roshd.ir/sites/default/files/1390/652/A02.gif
http://emtehan.roshd.ir/sites/default/files/1385/449/Q01.gif
http://emtehan.roshd.ir/sites/default/files/1385/449/Q02.gif
http://emtehan.roshd.ir/sites/default/files/1385/449/A01.gif
http://emtehan.roshd.ir/sites/default/files/1385/449/A02.gif
http://emtehan.roshd.ir/sites/default/files/1386/442/Q01.jpg
http://emtehan.roshd.ir/sites/default/files/1386/442/Q02.jpg
http://emtehan.roshd.ir/sites/default/files/1386/442/Q03.jpg
http://emtehan.roshd.ir/sites/default/files/1386/442/A01.jpg
http://emtehan.roshd.ir/sites/default/files/1386/442/A02.jpg
http://emtehan.roshd.ir/sites/default/files/1389/316/Q01.png
http://emtehan.roshd.ir/sites/default/files/1389/316/Q02.png
http://emtehan.roshd.ir/sites/default/files/1389/316/Q03.png
http://emtehan.roshd.ir/sites/default/files/1389/316/A01.png
http://emtehan.roshd.ir/sites/default/files/1389/316/A02.png
http://emtehan.roshd.ir/sites/default/files/1387/180/Q01.png
http://emtehan.roshd.ir/sites/default/files/1387/180/Q02.png
http://emtehan.roshd.ir/sites/default/files/1387/180/Q03.png
http://emtehan.roshd.ir/sites/default/files/1387/180/A01.png
http://emtehan.roshd.ir/sites/default/files/1387/180/A02.png
http://emtehan.roshd.ir/sites/default/files/1388/153/image001.png
http://emtehan.roshd.ir/sites/default/files/1388/153/image003.png
http://emtehan.roshd.ir/sites/default/files/1388/153/image005.png
http://emtehan.roshd.ir/sites/default/files/1388/153/image007.png
http://emtehan.roshd.ir/sites/default/files/1388/153/image009.png
